Build started 1/29/2015 1:57:13 PM.
     1>Project "\\vmware-host\Shared Folders\Desktop\DigiPenCode\CS230\Project1Part2\CS230 Win32 Sample.vcxproj" on node 2 (Build target(s)).
     1>ClCompile:
         C:\Program Files (x86)\Microsoft Visual Studio 12.0\VC\bin\CL.exe /c /ZI /nologo /W3 /WX- /Od /Oy- /D WIN32 /D _DEBUG /D _WINDOWS /Gm /EHsc /RTC1 /MDd /GS /fp:precise /Zc:wchar_t /Zc:forScope /Fo"Debug\\" /Fd"Debug\vc120.pdb" /Gd /TC /analyze- /errorReport:prompt FrameRateController.c GameStateManager.c Input.c Level1.c Level2.c System.c main.c
         main.c
         System.c
         Level2.c
         Level1.c
         Input.c
         GameStateManager.c
         FrameRateController.c
         Generating Code...
       Link:
         C:\Program Files (x86)\Microsoft Visual Studio 12.0\VC\bin\link.exe /ERRORREPORT:PROMPT /OUT:"\\vmware-host\Shared Folders\Desktop\DigiPenCode\CS230\Project1Part2\Debug\CS230 Win32 Sample.exe" /INCREMENTAL /NOLOGO kernel32.lib user32.lib gdi32.lib winspool.lib comdlg32.lib advapi32.lib shell32.lib ole32.lib oleaut32.lib uuid.lib odbc32.lib odbccp32.lib /MANIFEST /MANIFESTUAC:"level='asInvoker' uiAccess='false'" /manifest:embed /DEBUG /PDB:"\\vmware-host\Shared Folders\Desktop\DigiPenCode\CS230\Project1Part2\Debug\CS230 Win32 Sample.pdb" /SUBSYSTEM:WINDOWS /TLBID:1 /DYNAMICBASE /NXCOMPAT /IMPLIB:"\\vmware-host\Shared Folders\Desktop\DigiPenCode\CS230\Project1Part2\Debug\CS230 Win32 Sample.lib" /MACHINE:X86 /SAFESEH Debug\FrameRateController.obj
         Debug\GameStateManager.obj
         Debug\Input.obj
         Debug\Level1.obj
         Debug\Level2.obj
         Debug\main.obj
         Debug\System.obj
         CS230 Win32 Sample.vcxproj -> \\vmware-host\Shared Folders\Desktop\DigiPenCode\CS230\Project1Part2\Debug\CS230 Win32 Sample.exe
     1>Done Building Project "\\vmware-host\Shared Folders\Desktop\DigiPenCode\CS230\Project1Part2\CS230 Win32 Sample.vcxproj" (Build target(s)).

Build succeeded.

Time Elapsed 00:00:01.36
