\\vmware-host\shared folders\desktop\digipencode\cs230\project4\debug\vc120.pdb
\\vmware-host\shared folders\desktop\digipencode\cs230\project4\debug\vc120.idb
\\vmware-host\shared folders\desktop\digipencode\cs230\project4\debug\gamestatemgr.obj
\\vmware-host\shared folders\desktop\digipencode\cs230\project4\debug\gamestate_play.obj
\\vmware-host\shared folders\desktop\digipencode\cs230\project4\debug\linesegment2d.obj
\\vmware-host\shared folders\desktop\digipencode\cs230\project4\debug\main.obj
\\vmware-host\shared folders\desktop\digipencode\cs230\project4\debug\math2d.obj
\\vmware-host\shared folders\desktop\digipencode\cs230\project4\debug\matrix2d.obj
\\vmware-host\shared folders\desktop\digipencode\cs230\project4\debug\vector2d.obj
\\vmware-host\shared folders\desktop\digipencode\cs230\project4\debug\project 4 - cage.pdb
\\vmware-host\shared folders\desktop\digipencode\cs230\project4\debug\project 4 - cage.tlog\cl.command.1.tlog
\\vmware-host\shared folders\desktop\digipencode\cs230\project4\debug\project 4 - cage.tlog\cl.read.1.tlog
\\vmware-host\shared folders\desktop\digipencode\cs230\project4\debug\project 4 - cage.tlog\cl.write.1.tlog
\\vmware-host\shared folders\desktop\digipencode\cs230\project4\debug\project 4 - cage.tlog\link-cvtres.read.1.tlog
\\vmware-host\shared folders\desktop\digipencode\cs230\project4\debug\project 4 - cage.tlog\link-cvtres.write.1.tlog
\\vmware-host\shared folders\desktop\digipencode\cs230\project4\debug\project 4 - cage.tlog\link-rc.read.1.tlog
\\vmware-host\shared folders\desktop\digipencode\cs230\project4\debug\project 4 - cage.tlog\link-rc.write.1.tlog
\\vmware-host\shared folders\desktop\digipencode\cs230\project4\debug\project 4 - cage.tlog\link.3908-cvtres.read.1.tlog
\\vmware-host\shared folders\desktop\digipencode\cs230\project4\debug\project 4 - cage.tlog\link.3908-cvtres.write.1.tlog
\\vmware-host\shared folders\desktop\digipencode\cs230\project4\debug\project 4 - cage.tlog\link.3908-rc.read.1.tlog
\\vmware-host\shared folders\desktop\digipencode\cs230\project4\debug\project 4 - cage.tlog\link.3908-rc.write.1.tlog
\\vmware-host\shared folders\desktop\digipencode\cs230\project4\debug\project 4 - cage.tlog\link.3908.read.1.tlog
\\vmware-host\shared folders\desktop\digipencode\cs230\project4\debug\project 4 - cage.tlog\link.3908.write.1.tlog
\\vmware-host\shared folders\desktop\digipencode\cs230\project4\debug\project 4 - cage.tlog\link.command.1.tlog
\\vmware-host\shared folders\desktop\digipencode\cs230\project4\debug\project 4 - cage.tlog\link.read.1.tlog
\\vmware-host\shared folders\desktop\digipencode\cs230\project4\debug\project 4 - cage.tlog\link.write.1.tlog
